Using pre-set license
Built from '2020.3/release' branch; Version is '2020.3.2f1 (8fd9074bf66c) revision 9427207'; Using compiler version '192528614'; Build Type 'Release'
OS: 'Windows 10 Pro; OS build 19042.985; Version 2009; 64bit' Language: 'ko' Physical Memory: 32571 MB
BatchMode: 1, IsHumanControllingUs: 0, StartBugReporterOnCrash: 0, Is64bit: 1, IsPro: 0

 COMMAND LINE ARGUMENTS:
C:\Program Files\Unity\Hub\Editor\2020.3.2f1\Editor\Unity.exe
-adb2
-batchMode
-noUpm
-name
AssetImportWorker0
-projectPath
D:/unity/firstgame
-logFile
Logs/AssetImportWorker0.log
-srvPort
3333
Successfully changed project path to: D:/unity/firstgame
D:/unity/firstgame
Using Asset Import Pipeline V2.
Refreshing native plugins compatible for Editor in 95.19 ms, found 1 plugins.
Preloading 0 native plugins for Editor in 0.00 ms.
Initialize engine version: 2020.3.2f1 (8fd9074bf66c)
[Subsystems] Discovering subsystems at path C:/Program Files/Unity/Hub/Editor/2020.3.2f1/Editor/Data/Resources/UnitySubsystems
[Subsystems] Discovering subsystems at path D:/unity/firstgame/Assets
GfxDevice: creating device client; threaded=0
Direct3D:
    Version:  Direct3D 11.0 [level 11.1]
    Renderer: NVIDIA GeForce GTX 1660 Ti (ID=0x2191)
    Vendor:   
    VRAM:     5991 MB
    Driver:   27.21.14.6230
Initialize mono
Mono path[0] = 'C:/Program Files/Unity/Hub/Editor/2020.3.2f1/Editor/Data/Managed'
Mono path[1] = 'C:/Program Files/Unity/Hub/Editor/2020.3.2f1/Editor/Data/MonoBleedingEdge/lib/mono/unityjit'
Mono config path = 'C:/Program Files/Unity/Hub/Editor/2020.3.2f1/Editor/Data/MonoBleedingEdge/etc'
Using monoOptions --debugger-agent=transport=dt_socket,embedding=1,server=y,suspend=n,address=127.0.0.1:56420
Begin MonoManager ReloadAssembly
Registering precompiled unity dll's ...
Register platform support module: C:/Program Files/Unity/Hub/Editor/2020.3.2f1/Editor/Data/PlaybackEngines/WindowsStandaloneSupport/UnityEditor.WindowsStandalone.Extensions.dll
Registered in 0.003150 seconds.
Native extension for WindowsStandalone target not found
Refreshing native plugins compatible for Editor in 106.61 ms, found 1 plugins.
Preloading 0 native plugins for Editor in 0.00 ms.
Invoked RoslynAnalysisRunner static constructor.
RoslynAnalysisRunner will not be running.
RoslynAnalysisRunner has terminated.
Mono: successfully reloaded assembly
- Completed reload, in  1.618 seconds
Platform modules already initialized, skipping
Registering precompiled user dll's ...
Registered in 0.002780 seconds.
Begin MonoManager ReloadAssembly
Native extension for WindowsStandalone target not found
Refreshing native plugins compatible for Editor in 102.58 ms, found 1 plugins.
Preloading 0 native plugins for Editor in 0.00 ms.
Invoked RoslynAnalysisRunner static constructor.
RoslynAnalysisRunner will not be running.
RoslynAnalysisRunner has terminated.
Mono: successfully reloaded assembly
- Completed reload, in  1.123 seconds
Platform modules already initialized, skipping
========================================================================
Worker process is ready to serve import requests
Launched and connected shader compiler UnityShaderCompiler.exe after 0.15 seconds
Refreshing native plugins compatible for Editor in 1.86 ms, found 1 plugins.
Preloading 0 native plugins for Editor in 0.00 ms.
Unloading 1911 Unused Serialized files (Serialized files now loaded: 0)
System memory in use before: 97.5 MB.
System memory in use after: 97.5 MB.

Unloading 27 unused Assets to reduce memory usage. Loaded Objects now: 2357.
Total: 2.126800 ms (FindLiveObjects: 0.296800 ms CreateObjectMapping: 0.131300 ms MarkObjects: 1.573000 ms  DeleteObjects: 0.124800 ms)

========================================================================
Received Import Request.
  path: Assets/HeroEditor/Common/CharacterScripts/AnimationEvents.cs
  artifactKey: Guid(1db3728f3e374091b4966199eb8dd2cc) Importer(815301076,1909f56bfc062723c751e8b465ee728b)
Start importing Assets/HeroEditor/Common/CharacterScripts/AnimationEvents.cs using Guid(1db3728f3e374091b4966199eb8dd2cc) Importer(815301076,1909f56bfc062723c751e8b465ee728b)  -> (artifact id: 'ff8615540625581cd6526adcfe6c2cb7') in 0.169582 seconds
  Import took 0.173048 seconds .

========================================================================
Received Import Request.
  Time since last request: 376.570886 seconds.
  path: Assets/HeroEditor/Common/EditorScripts
  artifactKey: Guid(e3280661832145a2be2762bd2c7112a6) Importer(815301076,1909f56bfc062723c751e8b465ee728b)
Start importing Assets/HeroEditor/Common/EditorScripts using Guid(e3280661832145a2be2762bd2c7112a6) Importer(815301076,1909f56bfc062723c751e8b465ee728b)  -> (artifact id: '072947744e8a9e5b50acbc53401cf90e') in 0.004692 seconds
  Import took 0.008986 seconds .

========================================================================
Received Import Request.
  Time since last request: 2.055402 seconds.
  path: Assets/HeroEditor/Common/CommonScripts
  artifactKey: Guid(e2c7f18e0c424bf0811f4080f6a201e8) Importer(815301076,1909f56bfc062723c751e8b465ee728b)
Start importing Assets/HeroEditor/Common/CommonScripts using Guid(e2c7f18e0c424bf0811f4080f6a201e8) Importer(815301076,1909f56bfc062723c751e8b465ee728b)  -> (artifact id: '8e0d6b6843c81bc39b9eae9a2312578c') in 0.004430 seconds
  Import took 0.007994 seconds .

========================================================================
Received Import Request.
  Time since last request: 0.565592 seconds.
  path: Assets/HeroEditor/Common/CharacterScripts
  artifactKey: Guid(8a2c334ab989462c88ba01bbe600c19d) Importer(815301076,1909f56bfc062723c751e8b465ee728b)
Start importing Assets/HeroEditor/Common/CharacterScripts using Guid(8a2c334ab989462c88ba01bbe600c19d) Importer(815301076,1909f56bfc062723c751e8b465ee728b)  -> (artifact id: '41e10f4dceccde4795715c47360d59e2') in 0.004471 seconds
  Import took 0.007583 seconds .

========================================================================
Received Import Request.
  Time since last request: 3.839168 seconds.
  path: Assets/HeroEditor/Common/Animation
  artifactKey: Guid(98100ac9fcea4b5ea70904f7826733d1) Importer(815301076,1909f56bfc062723c751e8b465ee728b)
Start importing Assets/HeroEditor/Common/Animation using Guid(98100ac9fcea4b5ea70904f7826733d1) Importer(815301076,1909f56bfc062723c751e8b465ee728b)  -> (artifact id: '5b7808a82b312b5cabc7aac01840b9d0') in 0.004699 seconds
  Import took 0.008360 seconds .

========================================================================
Received Import Request.
  Time since last request: 2.379981 seconds.
  path: Assets/HeroEditor/Common/Editor
  artifactKey: Guid(f8cd2c25765640d180ab03b516362fbb) Importer(815301076,1909f56bfc062723c751e8b465ee728b)
Start importing Assets/HeroEditor/Common/Editor using Guid(f8cd2c25765640d180ab03b516362fbb) Importer(815301076,1909f56bfc062723c751e8b465ee728b)  -> (artifact id: 'ba4dd8c9260e74a09f604b8842572c33') in 0.004581 seconds
  Import took 0.008350 seconds .

========================================================================
Received Import Request.
  Time since last request: 0.577588 seconds.
  path: Assets/HeroEditor/Common/Data
  artifactKey: Guid(7c9095f55a1e4c978de84f087eef8365) Importer(815301076,1909f56bfc062723c751e8b465ee728b)
Start importing Assets/HeroEditor/Common/Data using Guid(7c9095f55a1e4c978de84f087eef8365) Importer(815301076,1909f56bfc062723c751e8b465ee728b)  -> (artifact id: 'ca30fd565d6c9800bd9f1695a1bb059a') in 0.005021 seconds
  Import took 0.009266 seconds .

========================================================================
Received Import Request.
  Time since last request: 3.175271 seconds.
  path: Assets/HeroEditor/Common/EditorScripts/CharacterEditor.cs
  artifactKey: Guid(e9c23b91487e4a87b5a557fee10f2ad4) Importer(815301076,1909f56bfc062723c751e8b465ee728b)
Start importing Assets/HeroEditor/Common/EditorScripts/CharacterEditor.cs using Guid(e9c23b91487e4a87b5a557fee10f2ad4) Importer(815301076,1909f56bfc062723c751e8b465ee728b)  -> (artifact id: '69d4d9bb6f850645b6c1432919e0ae77') in 0.004584 seconds
  Import took 0.007892 seconds .

========================================================================
Received Import Request.
  Time since last request: 0.005773 seconds.
  path: Assets/HeroEditor/Common/EditorScripts/CharacterEditor.cs
  artifactKey: Guid(e9c23b91487e4a87b5a557fee10f2ad4) Importer(815301076,1909f56bfc062723c751e8b465ee728b)
Start importing Assets/HeroEditor/Common/EditorScripts/CharacterEditor.cs using Guid(e9c23b91487e4a87b5a557fee10f2ad4) Importer(815301076,1909f56bfc062723c751e8b465ee728b)  -> (artifact id: '69d4d9bb6f850645b6c1432919e0ae77') in 0.004718 seconds
  Import took 0.008474 seconds .

