Using pre-set license
Built from '2020.3/release' branch; Version is '2020.3.2f1 (8fd9074bf66c) revision 9427207'; Using compiler version '192528614'; Build Type 'Release'
OS: 'Windows 10 Pro; OS build 19042.985; Version 2009; 64bit' Language: 'ko' Physical Memory: 32571 MB
BatchMode: 1, IsHumanControllingUs: 0, StartBugReporterOnCrash: 0, Is64bit: 1, IsPro: 0

 COMMAND LINE ARGUMENTS:
C:\Program Files\Unity\Hub\Editor\2020.3.2f1\Editor\Unity.exe
-adb2
-batchMode
-noUpm
-name
AssetImportWorker0
-projectPath
D:/unity/firstgame
-logFile
Logs/AssetImportWorker0.log
-srvPort
2309
Successfully changed project path to: D:/unity/firstgame
D:/unity/firstgame
Using Asset Import Pipeline V2.
Refreshing native plugins compatible for Editor in 50.09 ms, found 1 plugins.
Preloading 0 native plugins for Editor in 0.00 ms.
Initialize engine version: 2020.3.2f1 (8fd9074bf66c)
[Subsystems] Discovering subsystems at path C:/Program Files/Unity/Hub/Editor/2020.3.2f1/Editor/Data/Resources/UnitySubsystems
[Subsystems] Discovering subsystems at path D:/unity/firstgame/Assets
GfxDevice: creating device client; threaded=0
Direct3D:
    Version:  Direct3D 11.0 [level 11.1]
    Renderer: NVIDIA GeForce GTX 1660 Ti (ID=0x2191)
    Vendor:   
    VRAM:     5991 MB
    Driver:   27.21.14.6230
Initialize mono
Mono path[0] = 'C:/Program Files/Unity/Hub/Editor/2020.3.2f1/Editor/Data/Managed'
Mono path[1] = 'C:/Program Files/Unity/Hub/Editor/2020.3.2f1/Editor/Data/MonoBleedingEdge/lib/mono/unityjit'
Mono config path = 'C:/Program Files/Unity/Hub/Editor/2020.3.2f1/Editor/Data/MonoBleedingEdge/etc'
Using monoOptions --debugger-agent=transport=dt_socket,embedding=1,server=y,suspend=n,address=127.0.0.1:56760
Begin MonoManager ReloadAssembly
Registering precompiled unity dll's ...
Register platform support module: C:/Program Files/Unity/Hub/Editor/2020.3.2f1/Editor/Data/PlaybackEngines/WindowsStandaloneSupport/UnityEditor.WindowsStandalone.Extensions.dll
Registered in 0.037292 seconds.
Native extension for WindowsStandalone target not found
Refreshing native plugins compatible for Editor in 32.20 ms, found 1 plugins.
Preloading 0 native plugins for Editor in 0.00 ms.
Invoked RoslynAnalysisRunner static constructor.
RoslynAnalysisRunner will not be running.
RoslynAnalysisRunner has terminated.
Mono: successfully reloaded assembly
- Completed reload, in  2.690 seconds
Platform modules already initialized, skipping
Registering precompiled user dll's ...
Registered in 0.019269 seconds.
Begin MonoManager ReloadAssembly
Native extension for WindowsStandalone target not found
Refreshing native plugins compatible for Editor in 36.09 ms, found 1 plugins.
Preloading 0 native plugins for Editor in 0.00 ms.
Invoked RoslynAnalysisRunner static constructor.
RoslynAnalysisRunner will not be running.
RoslynAnalysisRunner has terminated.
Mono: successfully reloaded assembly
- Completed reload, in  1.493 seconds
Platform modules already initialized, skipping
========================================================================
Worker process is ready to serve import requests
Launched and connected shader compiler UnityShaderCompiler.exe after 0.17 seconds
Refreshing native plugins compatible for Editor in 0.30 ms, found 1 plugins.
Preloading 0 native plugins for Editor in 0.00 ms.
Unloading 1808 Unused Serialized files (Serialized files now loaded: 0)
System memory in use before: 87.4 MB.
System memory in use after: 87.4 MB.

Unloading 24 unused Assets to reduce memory usage. Loaded Objects now: 2250.
Total: 1.972600 ms (FindLiveObjects: 0.168000 ms CreateObjectMapping: 0.067000 ms MarkObjects: 1.626600 ms  DeleteObjects: 0.110100 ms)

========================================================================
Received Import Request.
  path: Assets/Scenes
  artifactKey: Guid(82952258da045f540941f430d3b2a588) Importer(815301076,1909f56bfc062723c751e8b465ee728b)
Start importing Assets/Scenes using Guid(82952258da045f540941f430d3b2a588) Importer(815301076,1909f56bfc062723c751e8b465ee728b)  -> (artifact id: 'e57f08068cf7549f4573f5d59ca371e3') in 0.006294 seconds
  Import took 0.008930 seconds .

========================================================================
Received Import Request.
  Time since last request: 2.490059 seconds.
  path: Assets/Scenes/Logo.unity
  artifactKey: Guid(7247cfcce25085c4d97f06aadbe121d2) Importer(815301076,1909f56bfc062723c751e8b465ee728b)
Start importing Assets/Scenes/Logo.unity using Guid(7247cfcce25085c4d97f06aadbe121d2) Importer(815301076,1909f56bfc062723c751e8b465ee728b)  -> (artifact id: '63cf02d4cf2667764026c6abfb7d3a18') in 0.012174 seconds
  Import took 0.014729 seconds .

========================================================================
Received Import Request.
  Time since last request: 721.496579 seconds.
  path: Assets
  artifactKey: Guid(00000000000000001000000000000000) Importer(815301076,1909f56bfc062723c751e8b465ee728b)
Start importing Assets using Guid(00000000000000001000000000000000) Importer(815301076,1909f56bfc062723c751e8b465ee728b)  -> (artifact id: '819a33a9bd799f71faca6db75e8a216c') in 0.005288 seconds
  Import took 0.009381 seconds .

========================================================================
Received Import Request.
  Time since last request: 6.614986 seconds.
  path: Assets/Fonts
  artifactKey: Guid(989bf1a9ee9ab9d45a66ea7b7a26cb77) Importer(815301076,1909f56bfc062723c751e8b465ee728b)
Start importing Assets/Fonts using Guid(989bf1a9ee9ab9d45a66ea7b7a26cb77) Importer(815301076,1909f56bfc062723c751e8b465ee728b)  -> (artifact id: 'ba17c8090e2b9757114941f0ef8bd3b8') in 0.004601 seconds
  Import took 0.008020 seconds .

========================================================================
Received Import Request.
  Time since last request: 231.187043 seconds.
  path: Assets/Animation
  artifactKey: Guid(e1fe98dd0d1c70a458c4e28c3a3866f8) Importer(815301076,1909f56bfc062723c751e8b465ee728b)
Start importing Assets/Animation using Guid(e1fe98dd0d1c70a458c4e28c3a3866f8) Importer(815301076,1909f56bfc062723c751e8b465ee728b)  -> (artifact id: '8bd39dbd4231325c9172806468db7065') in 0.004417 seconds
  Import took 0.008349 seconds .

========================================================================
Received Import Request.
  Time since last request: 8113.724141 seconds.
  path: Assets/Animation/Logo.anim
  artifactKey: Guid(1bead17b10bcf9b40ba149c2d90d94c5) Importer(815301076,1909f56bfc062723c751e8b465ee728b)
Start importing Assets/Animation/Logo.anim using Guid(1bead17b10bcf9b40ba149c2d90d94c5) Importer(815301076,1909f56bfc062723c751e8b465ee728b)  -> (artifact id: 'cd1991e9dc44b896e452c7fe03b8eab0') in 0.096503 seconds
  Import took 0.100851 seconds .

========================================================================
Received Import Request.
  Time since last request: 13.074060 seconds.
  path: Assets/Animation/Canvas.controller
  artifactKey: Guid(52753adfe1a1f7a4d81498747918689a) Importer(815301076,1909f56bfc062723c751e8b465ee728b)
Start importing Assets/Animation/Canvas.controller using Guid(52753adfe1a1f7a4d81498747918689a) Importer(815301076,1909f56bfc062723c751e8b465ee728b)  -> (artifact id: '67396b6717cf1e0b26125cf872308e69') in 0.011540 seconds
  Import took 0.014652 seconds .

========================================================================
Received Import Request.
  Time since last request: 22.560411 seconds.
  path: Assets/Animation/Logo.anim
  artifactKey: Guid(1bead17b10bcf9b40ba149c2d90d94c5) Importer(815301076,1909f56bfc062723c751e8b465ee728b)
Start importing Assets/Animation/Logo.anim using Guid(1bead17b10bcf9b40ba149c2d90d94c5) Importer(815301076,1909f56bfc062723c751e8b465ee728b)  -> (artifact id: '3499b7476ffe2b7d88bd498aa4da486f') in 0.006096 seconds
  Import took 0.009090 seconds .

========================================================================
Received Import Request.
  Time since last request: 3.350531 seconds.
  path: Assets/Animation/Canvas.controller
  artifactKey: Guid(52753adfe1a1f7a4d81498747918689a) Importer(815301076,1909f56bfc062723c751e8b465ee728b)
Start importing Assets/Animation/Canvas.controller using Guid(52753adfe1a1f7a4d81498747918689a) Importer(815301076,1909f56bfc062723c751e8b465ee728b)  -> (artifact id: '87180e7566fcbf9f0e4ab4666b47a3b7') in 0.007752 seconds
  Import took 0.011367 seconds .

========================================================================
Received Prepare
Registering precompiled user dll's ...
Registered in 0.000999 seconds.
Begin MonoManager ReloadAssembly
Native extension for WindowsStandalone target not found
Refreshing native plugins compatible for Editor in 0.30 ms, found 1 plugins.
Preloading 0 native plugins for Editor in 0.00 ms.
Invoked RoslynAnalysisRunner static constructor.
RoslynAnalysisRunner will not be running.
RoslynAnalysisRunner has terminated.
Mono: successfully reloaded assembly
- Completed reload, in  0.958 seconds
Platform modules already initialized, skipping
Refreshing native plugins compatible for Editor in 0.31 ms, found 1 plugins.
Preloading 0 native plugins for Editor in 0.00 ms.
Unloading 1803 Unused Serialized files (Serialized files now loaded: 0)
System memory in use before: 87.4 MB.
System memory in use after: 87.4 MB.

Unloading 12 unused Assets to reduce memory usage. Loaded Objects now: 2254.
Total: 1.913600 ms (FindLiveObjects: 0.159400 ms CreateObjectMapping: 0.057800 ms MarkObjects: 1.599800 ms  DeleteObjects: 0.095700 ms)

========================================================================
Received Prepare
Registering precompiled user dll's ...
Registered in 0.000961 seconds.
Begin MonoManager ReloadAssembly
Native extension for WindowsStandalone target not found
Refreshing native plugins compatible for Editor in 0.34 ms, found 1 plugins.
Preloading 0 native plugins for Editor in 0.00 ms.
Invoked RoslynAnalysisRunner static constructor.
RoslynAnalysisRunner will not be running.
RoslynAnalysisRunner has terminated.
Mono: successfully reloaded assembly
- Completed reload, in  0.936 seconds
Platform modules already initialized, skipping
Refreshing native plugins compatible for Editor in 0.31 ms, found 1 plugins.
Preloading 0 native plugins for Editor in 0.00 ms.
Unloading 1803 Unused Serialized files (Serialized files now loaded: 0)
System memory in use before: 87.5 MB.
System memory in use after: 87.4 MB.

Unloading 12 unused Assets to reduce memory usage. Loaded Objects now: 2258.
Total: 1.972600 ms (FindLiveObjects: 0.191400 ms CreateObjectMapping: 0.069900 ms MarkObjects: 1.617300 ms  DeleteObjects: 0.092800 ms)

========================================================================
Received Prepare
Registering precompiled user dll's ...
Registered in 0.000876 seconds.
Begin MonoManager ReloadAssembly
Native extension for WindowsStandalone target not found
Refreshing native plugins compatible for Editor in 0.52 ms, found 1 plugins.
Preloading 0 native plugins for Editor in 0.00 ms.
Invoked RoslynAnalysisRunner static constructor.
RoslynAnalysisRunner will not be running.
RoslynAnalysisRunner has terminated.
Mono: successfully reloaded assembly
- Completed reload, in  0.971 seconds
Platform modules already initialized, skipping
Refreshing native plugins compatible for Editor in 0.31 ms, found 1 plugins.
Preloading 0 native plugins for Editor in 0.00 ms.
Unloading 1803 Unused Serialized files (Serialized files now loaded: 0)
System memory in use before: 87.5 MB.
System memory in use after: 87.5 MB.

Unloading 12 unused Assets to reduce memory usage. Loaded Objects now: 2262.
Total: 2.279000 ms (FindLiveObjects: 0.243000 ms CreateObjectMapping: 0.064100 ms MarkObjects: 1.874000 ms  DeleteObjects: 0.097100 ms)

========================================================================
Received Prepare
Registering precompiled user dll's ...
Registered in 0.000914 seconds.
Begin MonoManager ReloadAssembly
Native extension for WindowsStandalone target not found
Refreshing native plugins compatible for Editor in 0.33 ms, found 1 plugins.
Preloading 0 native plugins for Editor in 0.00 ms.
Invoked RoslynAnalysisRunner static constructor.
RoslynAnalysisRunner will not be running.
RoslynAnalysisRunner has terminated.
Mono: successfully reloaded assembly
- Completed reload, in  0.955 seconds
Platform modules already initialized, skipping
Refreshing native plugins compatible for Editor in 0.30 ms, found 1 plugins.
Preloading 0 native plugins for Editor in 0.00 ms.
Unloading 1803 Unused Serialized files (Serialized files now loaded: 0)
System memory in use before: 87.5 MB.
System memory in use after: 87.5 MB.

Unloading 12 unused Assets to reduce memory usage. Loaded Objects now: 2266.
Total: 3.388200 ms (FindLiveObjects: 0.325800 ms CreateObjectMapping: 0.131600 ms MarkObjects: 2.755200 ms  DeleteObjects: 0.174600 ms)

========================================================================
Received Import Request.
  Time since last request: 5864.026984 seconds.
  path: Assets/Scenes/SampleScene.unity
  artifactKey: Guid(2cda990e2423bbf4892e6590ba056729) Importer(815301076,1909f56bfc062723c751e8b465ee728b)
Start importing Assets/Scenes/SampleScene.unity using Guid(2cda990e2423bbf4892e6590ba056729) Importer(815301076,1909f56bfc062723c751e8b465ee728b)  -> (artifact id: 'c2310208df74c583216671dde88d47ab') in 0.017575 seconds
  Import took 0.021488 seconds .

========================================================================
Received Import Request.
  Time since last request: 0.000410 seconds.
  path: Assets/Scenes/SampleScene.unity
  artifactKey: Guid(2cda990e2423bbf4892e6590ba056729) Importer(815301076,1909f56bfc062723c751e8b465ee728b)
Start importing Assets/Scenes/SampleScene.unity using Guid(2cda990e2423bbf4892e6590ba056729) Importer(815301076,1909f56bfc062723c751e8b465ee728b)  -> (artifact id: 'c2310208df74c583216671dde88d47ab') in 0.007310 seconds
  Import took 0.012298 seconds .

========================================================================
Received Import Request.
  Time since last request: 0.647921 seconds.
  path: Assets/Scenes/Logo.unity
  artifactKey: Guid(7247cfcce25085c4d97f06aadbe121d2) Importer(815301076,1909f56bfc062723c751e8b465ee728b)
Start importing Assets/Scenes/Logo.unity using Guid(7247cfcce25085c4d97f06aadbe121d2) Importer(815301076,1909f56bfc062723c751e8b465ee728b)  -> (artifact id: '4b4f242059f00e8ec615e7ed51d84fc0') in 0.003999 seconds
  Import took 0.007105 seconds .

========================================================================
Received Prepare
Registering precompiled user dll's ...
Registered in 0.030633 seconds.
Begin MonoManager ReloadAssembly
Native extension for WindowsStandalone target not found
Refreshing native plugins compatible for Editor in 0.32 ms, found 1 plugins.
Preloading 0 native plugins for Editor in 0.00 ms.
Invoked RoslynAnalysisRunner static constructor.
RoslynAnalysisRunner will not be running.
RoslynAnalysisRunner has terminated.
Mono: successfully reloaded assembly
- Completed reload, in  1.153 seconds
Platform modules already initialized, skipping
Refreshing native plugins compatible for Editor in 0.31 ms, found 1 plugins.
Preloading 0 native plugins for Editor in 0.00 ms.
Unloading 1803 Unused Serialized files (Serialized files now loaded: 0)
System memory in use before: 87.5 MB.
System memory in use after: 87.5 MB.

Unloading 12 unused Assets to reduce memory usage. Loaded Objects now: 2270.
Total: 1.877500 ms (FindLiveObjects: 0.172500 ms CreateObjectMapping: 0.060600 ms MarkObjects: 1.535600 ms  DeleteObjects: 0.107900 ms)

========================================================================
Received Import Request.
  Time since last request: 141.821308 seconds.
  path: Assets/Animation/Logo.anim
  artifactKey: Guid(1bead17b10bcf9b40ba149c2d90d94c5) Importer(815301076,1909f56bfc062723c751e8b465ee728b)
Start importing Assets/Animation/Logo.anim using Guid(1bead17b10bcf9b40ba149c2d90d94c5) Importer(815301076,1909f56bfc062723c751e8b465ee728b)  -> (artifact id: '69ed645e82fdf01006d16e0aca37bc98') in 0.016748 seconds
  Import took 0.019284 seconds .

========================================================================
Received Prepare
Registering precompiled user dll's ...
Registered in 0.001208 seconds.
Begin MonoManager ReloadAssembly
Native extension for WindowsStandalone target not found
Refreshing native plugins compatible for Editor in 0.32 ms, found 1 plugins.
Preloading 0 native plugins for Editor in 0.00 ms.
Invoked RoslynAnalysisRunner static constructor.
RoslynAnalysisRunner will not be running.
RoslynAnalysisRunner has terminated.
Mono: successfully reloaded assembly
- Completed reload, in  1.011 seconds
Platform modules already initialized, skipping
Refreshing native plugins compatible for Editor in 0.32 ms, found 1 plugins.
Preloading 0 native plugins for Editor in 0.00 ms.
Unloading 1803 Unused Serialized files (Serialized files now loaded: 0)
System memory in use before: 87.5 MB.
System memory in use after: 87.5 MB.

Unloading 12 unused Assets to reduce memory usage. Loaded Objects now: 2274.
Total: 2.449800 ms (FindLiveObjects: 0.160300 ms CreateObjectMapping: 0.060400 ms MarkObjects: 2.087000 ms  DeleteObjects: 0.141000 ms)

========================================================================
Received Prepare
Registering precompiled user dll's ...
Registered in 0.001016 seconds.
Begin MonoManager ReloadAssembly
Native extension for WindowsStandalone target not found
Refreshing native plugins compatible for Editor in 0.31 ms, found 1 plugins.
Preloading 0 native plugins for Editor in 0.00 ms.
Invoked RoslynAnalysisRunner static constructor.
RoslynAnalysisRunner will not be running.
RoslynAnalysisRunner has terminated.
Mono: successfully reloaded assembly
- Completed reload, in  0.925 seconds
Platform modules already initialized, skipping
Refreshing native plugins compatible for Editor in 0.34 ms, found 1 plugins.
Preloading 0 native plugins for Editor in 0.00 ms.
Unloading 1803 Unused Serialized files (Serialized files now loaded: 0)
System memory in use before: 87.5 MB.
System memory in use after: 87.5 MB.

Unloading 12 unused Assets to reduce memory usage. Loaded Objects now: 2278.
Total: 2.279200 ms (FindLiveObjects: 0.197400 ms CreateObjectMapping: 0.078300 ms MarkObjects: 1.889100 ms  DeleteObjects: 0.112800 ms)

========================================================================
Received Prepare
Registering precompiled user dll's ...
Registered in 0.000937 seconds.
Begin MonoManager ReloadAssembly
Native extension for WindowsStandalone target not found
Refreshing native plugins compatible for Editor in 0.31 ms, found 1 plugins.
Preloading 0 native plugins for Editor in 0.00 ms.
Invoked RoslynAnalysisRunner static constructor.
RoslynAnalysisRunner will not be running.
RoslynAnalysisRunner has terminated.
Mono: successfully reloaded assembly
- Completed reload, in  0.968 seconds
Platform modules already initialized, skipping
Refreshing native plugins compatible for Editor in 0.31 ms, found 1 plugins.
Preloading 0 native plugins for Editor in 0.00 ms.
Unloading 1803 Unused Serialized files (Serialized files now loaded: 0)
System memory in use before: 87.6 MB.
System memory in use after: 87.5 MB.

Unloading 12 unused Assets to reduce memory usage. Loaded Objects now: 2282.
Total: 2.040100 ms (FindLiveObjects: 0.226900 ms CreateObjectMapping: 0.068800 ms MarkObjects: 1.648900 ms  DeleteObjects: 0.094700 ms)

========================================================================
Received Prepare
Registering precompiled user dll's ...
Registered in 0.001070 seconds.
Begin MonoManager ReloadAssembly
Native extension for WindowsStandalone target not found
Refreshing native plugins compatible for Editor in 0.34 ms, found 1 plugins.
Preloading 0 native plugins for Editor in 0.00 ms.
Invoked RoslynAnalysisRunner static constructor.
RoslynAnalysisRunner will not be running.
RoslynAnalysisRunner has terminated.
Mono: successfully reloaded assembly
- Completed reload, in  0.951 seconds
Platform modules already initialized, skipping
Refreshing native plugins compatible for Editor in 0.31 ms, found 1 plugins.
Preloading 0 native plugins for Editor in 0.00 ms.
Unloading 1803 Unused Serialized files (Serialized files now loaded: 0)
System memory in use before: 87.6 MB.
System memory in use after: 87.5 MB.

Unloading 12 unused Assets to reduce memory usage. Loaded Objects now: 2286.
Total: 2.278000 ms (FindLiveObjects: 0.186200 ms CreateObjectMapping: 0.069500 ms MarkObjects: 1.925800 ms  DeleteObjects: 0.095600 ms)

========================================================================
Received Prepare
Registering precompiled user dll's ...
Registered in 0.000972 seconds.
Begin MonoManager ReloadAssembly
Native extension for WindowsStandalone target not found
Refreshing native plugins compatible for Editor in 0.31 ms, found 1 plugins.
Preloading 0 native plugins for Editor in 0.00 ms.
Invoked RoslynAnalysisRunner static constructor.
RoslynAnalysisRunner will not be running.
RoslynAnalysisRunner has terminated.
Mono: successfully reloaded assembly
- Completed reload, in  0.942 seconds
Platform modules already initialized, skipping
Refreshing native plugins compatible for Editor in 0.31 ms, found 1 plugins.
Preloading 0 native plugins for Editor in 0.00 ms.
Unloading 1803 Unused Serialized files (Serialized files now loaded: 0)
System memory in use before: 87.6 MB.
System memory in use after: 87.5 MB.

Unloading 12 unused Assets to reduce memory usage. Loaded Objects now: 2290.
Total: 2.209500 ms (FindLiveObjects: 0.189100 ms CreateObjectMapping: 0.060100 ms MarkObjects: 1.856300 ms  DeleteObjects: 0.102600 ms)

========================================================================
Received Import Request.
  Time since last request: 824.931129 seconds.
  path: Assets/Scenes/Main.unity
  artifactKey: Guid(4d53fa7c3974cfb4da4e356884a109b5) Importer(815301076,1909f56bfc062723c751e8b465ee728b)
Start importing Assets/Scenes/Main.unity using Guid(4d53fa7c3974cfb4da4e356884a109b5) Importer(815301076,1909f56bfc062723c751e8b465ee728b)  -> (artifact id: '5c3b71038506d9da6cfff425293bf5a8') in 0.017081 seconds
  Import took 0.020889 seconds .

========================================================================
Received Import Request.
  Time since last request: 240905.643247 seconds.
  path: Assets/Scenes/Logo.unity
  artifactKey: Guid(7247cfcce25085c4d97f06aadbe121d2) Importer(815301076,1909f56bfc062723c751e8b465ee728b)
Start importing Assets/Scenes/Logo.unity using Guid(7247cfcce25085c4d97f06aadbe121d2) Importer(815301076,1909f56bfc062723c751e8b465ee728b)  -> (artifact id: 'd3fc9c6577a0b90efa1a2143a57fee50') in 0.004654 seconds
  Import took 0.465208 seconds .

========================================================================
Received Prepare
Registering precompiled user dll's ...
Registered in 0.000877 seconds.
Begin MonoManager ReloadAssembly
Native extension for WindowsStandalone target not found
Refreshing native plugins compatible for Editor in 0.32 ms, found 1 plugins.
Preloading 0 native plugins for Editor in 0.00 ms.
Invoked RoslynAnalysisRunner static constructor.
RoslynAnalysisRunner will not be running.
RoslynAnalysisRunner has terminated.
Mono: successfully reloaded assembly
- Completed reload, in  0.982 seconds
Platform modules already initialized, skipping
Refreshing native plugins compatible for Editor in 0.55 ms, found 1 plugins.
Preloading 0 native plugins for Editor in 0.00 ms.
Unloading 1804 Unused Serialized files (Serialized files now loaded: 0)
System memory in use before: 87.6 MB.
System memory in use after: 87.6 MB.

Unloading 12 unused Assets to reduce memory usage. Loaded Objects now: 2295.
Total: 2.331700 ms (FindLiveObjects: 0.289000 ms CreateObjectMapping: 0.114200 ms MarkObjects: 1.823000 ms  DeleteObjects: 0.104200 ms)

========================================================================
Received Prepare
Registering precompiled user dll's ...
Registered in 0.000860 seconds.
Begin MonoManager ReloadAssembly
Native extension for WindowsStandalone target not found
Refreshing native plugins compatible for Editor in 0.31 ms, found 1 plugins.
Preloading 0 native plugins for Editor in 0.00 ms.
Invoked RoslynAnalysisRunner static constructor.
RoslynAnalysisRunner will not be running.
RoslynAnalysisRunner has terminated.
Mono: successfully reloaded assembly
- Completed reload, in  0.963 seconds
Platform modules already initialized, skipping
Refreshing native plugins compatible for Editor in 0.33 ms, found 1 plugins.
Preloading 0 native plugins for Editor in 0.00 ms.
Unloading 1804 Unused Serialized files (Serialized files now loaded: 0)
System memory in use before: 87.6 MB.
System memory in use after: 87.6 MB.

Unloading 12 unused Assets to reduce memory usage. Loaded Objects now: 2299.
Total: 2.189800 ms (FindLiveObjects: 0.202300 ms CreateObjectMapping: 0.076000 ms MarkObjects: 1.814600 ms  DeleteObjects: 0.096100 ms)

========================================================================
Received Prepare
Registering precompiled user dll's ...
Registered in 0.013581 seconds.
Begin MonoManager ReloadAssembly
Native extension for WindowsStandalone target not found
Refreshing native plugins compatible for Editor in 0.31 ms, found 1 plugins.
Preloading 0 native plugins for Editor in 0.00 ms.
Invoked RoslynAnalysisRunner static constructor.
RoslynAnalysisRunner will not be running.
RoslynAnalysisRunner has terminated.
Mono: successfully reloaded assembly
- Completed reload, in  0.980 seconds
Platform modules already initialized, skipping
Refreshing native plugins compatible for Editor in 0.34 ms, found 1 plugins.
Preloading 0 native plugins for Editor in 0.00 ms.
Unloading 1807 Unused Serialized files (Serialized files now loaded: 0)
System memory in use before: 87.7 MB.
System memory in use after: 87.7 MB.

Unloading 12 unused Assets to reduce memory usage. Loaded Objects now: 2306.
Total: 2.755300 ms (FindLiveObjects: 0.267300 ms CreateObjectMapping: 0.095800 ms MarkObjects: 2.252500 ms  DeleteObjects: 0.138200 ms)

========================================================================
Received Prepare
Registering precompiled user dll's ...
Registered in 0.000927 seconds.
Begin MonoManager ReloadAssembly
Native extension for WindowsStandalone target not found
Refreshing native plugins compatible for Editor in 0.54 ms, found 1 plugins.
Preloading 0 native plugins for Editor in 0.00 ms.
Invoked RoslynAnalysisRunner static constructor.
RoslynAnalysisRunner will not be running.
RoslynAnalysisRunner has terminated.
Mono: successfully reloaded assembly
- Completed reload, in  0.944 seconds
Platform modules already initialized, skipping
Refreshing native plugins compatible for Editor in 0.31 ms, found 1 plugins.
Preloading 0 native plugins for Editor in 0.00 ms.
Unloading 1807 Unused Serialized files (Serialized files now loaded: 0)
System memory in use before: 87.7 MB.
System memory in use after: 87.7 MB.

Unloading 12 unused Assets to reduce memory usage. Loaded Objects now: 2310.
Total: 5.051100 ms (FindLiveObjects: 0.665400 ms CreateObjectMapping: 0.314600 ms MarkObjects: 3.969200 ms  DeleteObjects: 0.099100 ms)

========================================================================
Received Prepare
Registering precompiled user dll's ...
Registered in 0.000958 seconds.
Begin MonoManager ReloadAssembly
Native extension for WindowsStandalone target not found
Refreshing native plugins compatible for Editor in 0.34 ms, found 1 plugins.
Preloading 0 native plugins for Editor in 0.00 ms.
Invoked RoslynAnalysisRunner static constructor.
RoslynAnalysisRunner will not be running.
RoslynAnalysisRunner has terminated.
Mono: successfully reloaded assembly
- Completed reload, in  0.968 seconds
Platform modules already initialized, skipping
Refreshing native plugins compatible for Editor in 0.40 ms, found 1 plugins.
Preloading 0 native plugins for Editor in 0.00 ms.
Unloading 1807 Unused Serialized files (Serialized files now loaded: 0)
System memory in use before: 87.7 MB.
System memory in use after: 87.7 MB.

Unloading 12 unused Assets to reduce memory usage. Loaded Objects now: 2314.
Total: 2.422700 ms (FindLiveObjects: 0.203600 ms CreateObjectMapping: 0.068100 ms MarkObjects: 2.043700 ms  DeleteObjects: 0.106300 ms)

========================================================================
Received Prepare
Registering precompiled user dll's ...
Registered in 0.000921 seconds.
Begin MonoManager ReloadAssembly
Native extension for WindowsStandalone target not found
Refreshing native plugins compatible for Editor in 0.32 ms, found 1 plugins.
Preloading 0 native plugins for Editor in 0.00 ms.
Invoked RoslynAnalysisRunner static constructor.
RoslynAnalysisRunner will not be running.
RoslynAnalysisRunner has terminated.
Mono: successfully reloaded assembly
- Completed reload, in  0.931 seconds
Platform modules already initialized, skipping
Refreshing native plugins compatible for Editor in 0.35 ms, found 1 plugins.
Preloading 0 native plugins for Editor in 0.00 ms.
Unloading 1808 Unused Serialized files (Serialized files now loaded: 0)
System memory in use before: 87.8 MB.
System memory in use after: 87.7 MB.

Unloading 12 unused Assets to reduce memory usage. Loaded Objects now: 2319.
Total: 2.194700 ms (FindLiveObjects: 0.186200 ms CreateObjectMapping: 0.077000 ms MarkObjects: 1.833300 ms  DeleteObjects: 0.097000 ms)

========================================================================
Received Prepare
Registering precompiled user dll's ...
Registered in 0.003255 seconds.
Begin MonoManager ReloadAssembly
Native extension for WindowsStandalone target not found
Refreshing native plugins compatible for Editor in 1.23 ms, found 1 plugins.
Preloading 0 native plugins for Editor in 0.00 ms.
Invoked RoslynAnalysisRunner static constructor.
RoslynAnalysisRunner will not be running.
RoslynAnalysisRunner has terminated.
Mono: successfully reloaded assembly
- Completed reload, in  1.154 seconds
Platform modules already initialized, skipping
Refreshing native plugins compatible for Editor in 1.19 ms, found 1 plugins.
Preloading 0 native plugins for Editor in 0.00 ms.
Unloading 1905 Unused Serialized files (Serialized files now loaded: 0)
System memory in use before: 96.3 MB.
System memory in use after: 96.2 MB.

Unloading 16 unused Assets to reduce memory usage. Loaded Objects now: 2422.
Total: 2.075700 ms (FindLiveObjects: 0.199200 ms CreateObjectMapping: 0.071200 ms MarkObjects: 1.542500 ms  DeleteObjects: 0.261400 ms)

========================================================================
Received Import Request.
  Time since last request: 3922.026814 seconds.
  path: Assets/Main
  artifactKey: Guid(4a23a4bc18adb904b8e25ab98c6dd659) Importer(815301076,1909f56bfc062723c751e8b465ee728b)
Start importing Assets/Main using Guid(4a23a4bc18adb904b8e25ab98c6dd659) Importer(815301076,1909f56bfc062723c751e8b465ee728b)  -> (artifact id: '287cc5189c1265a1b72fddb1d02dc02e') in 0.008971 seconds
  Import took 0.013301 seconds .

========================================================================
Received Import Request.
  Time since last request: 9.376304 seconds.
  path: Assets/Main/Scripts
  artifactKey: Guid(6fade911e4f89c34f9c37ae285b3e2d6) Importer(815301076,1909f56bfc062723c751e8b465ee728b)
Start importing Assets/Main/Scripts using Guid(6fade911e4f89c34f9c37ae285b3e2d6) Importer(815301076,1909f56bfc062723c751e8b465ee728b)  -> (artifact id: 'c96a7eb2e76ca84a8d702798c481b8f7') in 0.004796 seconds
  Import took 0.007793 seconds .

========================================================================
Received Import Request.
  Time since last request: 64.322891 seconds.
  path: Assets/Main/Scripts/Main.cs
  artifactKey: Guid(d77d596bfd6e5f74da65a82b7b4ba3dd) Importer(815301076,1909f56bfc062723c751e8b465ee728b)
Start importing Assets/Main/Scripts/Main.cs using Guid(d77d596bfd6e5f74da65a82b7b4ba3dd) Importer(815301076,1909f56bfc062723c751e8b465ee728b)  -> (artifact id: 'c286cb1684b13132e0d27cf17090e872') in 0.040994 seconds
  Import took 0.044096 seconds .

========================================================================
Received Prepare
Registering precompiled user dll's ...
Registered in 0.002942 seconds.
Begin MonoManager ReloadAssembly
Native extension for WindowsStandalone target not found
Refreshing native plugins compatible for Editor in 1.09 ms, found 1 plugins.
Preloading 0 native plugins for Editor in 0.00 ms.
Invoked RoslynAnalysisRunner static constructor.
RoslynAnalysisRunner will not be running.
RoslynAnalysisRunner has terminated.
Mono: successfully reloaded assembly
- Completed reload, in  0.914 seconds
Platform modules already initialized, skipping
Refreshing native plugins compatible for Editor in 1.30 ms, found 1 plugins.
Preloading 0 native plugins for Editor in 0.00 ms.
Unloading 1906 Unused Serialized files (Serialized files now loaded: 0)
System memory in use before: 96.3 MB.
System memory in use after: 96.2 MB.

Unloading 16 unused Assets to reduce memory usage. Loaded Objects now: 2427.
Total: 2.426300 ms (FindLiveObjects: 0.199000 ms CreateObjectMapping: 0.077600 ms MarkObjects: 1.949800 ms  DeleteObjects: 0.198800 ms)

AssetImportWorkerClient::OnTransportError - code=2 error=End of file
